<?xml version="1.0" encoding="UTF-8"?>
<testsuite name="testscripts.mediaTypes.MusicTest" time="150.684" tests="1" errors="0" skipped="0" failures="0">
  <properties>
    <property name="java.runtime.name" value="Java(TM) SE Runtime Environment"/>
    <property name="sun.boot.library.path" value="/usr/lib/jvm/jdk1.8.0_25/jre/lib/amd64"/>
    <property name="java.vm.version" value="25.25-b02"/>
    <property name="java.vm.vendor" value="Oracle Corporation"/>
    <property name="java.vendor.url" value="http://java.oracle.com/"/>
    <property name="path.separator" value=":"/>
    <property name="guice.disable.misplaced.annotation.check" value="true"/>
    <property name="java.vm.name" value="Java HotSpot(TM) 64-Bit Server VM"/>
    <property name="file.encoding.pkg" value="sun.io"/>
    <property name="user.country" value="IN"/>
    <property name="sun.java.launcher" value="SUN_STANDARD"/>
    <property name="sun.os.patch.level" value="unknown"/>
    <property name="test" value="MusicTest"/>
    <property name="java.vm.specification.name" value="Java Virtual Machine Specification"/>
    <property name="user.dir" value="/home/rtcamp/GitClone/testing/target"/>
    <property name="java.runtime.version" value="1.8.0_25-b17"/>
    <property name="java.awt.graphicsenv" value="sun.awt.X11GraphicsEnvironment"/>
    <property name="basedir" value="/home/rtcamp/GitClone/testing"/>
    <property name="java.endorsed.dirs" value="/usr/lib/jvm/jdk1.8.0_25/jre/lib/endorsed"/>
    <property name="os.arch" value="amd64"/>
    <property name="java.io.tmpdir" value="/tmp"/>
    <property name="line.separator" value="&#10;"/>
    <property name="java.vm.specification.vendor" value="Oracle Corporation"/>
    <property name="os.name" value="Linux"/>
    <property name="classworlds.conf" value="/usr/share/maven/bin/m2.conf"/>
    <property name="sun.jnu.encoding" value="UTF-8"/>
    <property name="java.library.path" value="/usr/java/packages/lib/amd64:/usr/lib64:/lib64:/lib:/usr/lib"/>
    <property name="surefire.test.class.path" value="/home/rtcamp/GitClone/testing/target/test-classes:/home/rtcamp/GitClone/testing/target/classes:/home/rtcamp/.m2/repository/junit/junit/4.11/junit-4.11.jar:/home/rtcamp/.m2/repository/org/hamcrest/hamcrest-core/1.3/hamcrest-core-1.3.jar:/home/rtcamp/.m2/repository/org/seleniumhq/selenium/selenium-java/2.44.0/selenium-java-2.44.0.jar:/home/rtcamp/.m2/repository/org/seleniumhq/selenium/selenium-chrome-driver/2.44.0/selenium-chrome-driver-2.44.0.jar:/home/rtcamp/.m2/repository/org/seleniumhq/selenium/selenium-htmlunit-driver/2.44.0/selenium-htmlunit-driver-2.44.0.jar:/home/rtcamp/.m2/repository/net/sourceforge/htmlunit/htmlunit/2.15/htmlunit-2.15.jar:/home/rtcamp/.m2/repository/xalan/xalan/2.7.1/xalan-2.7.1.jar:/home/rtcamp/.m2/repository/xalan/serializer/2.7.1/serializer-2.7.1.jar:/home/rtcamp/.m2/repository/commons-collections/commons-collections/3.2.1/commons-collections-3.2.1.jar:/home/rtcamp/.m2/repository/org/apache/commons/commons-lang3/3.3.2/commons-lang3-3.3.2.jar:/home/rtcamp/.m2/repository/org/apache/httpcomponents/httpmime/4.3.3/httpmime-4.3.3.jar:/home/rtcamp/.m2/repository/net/sourceforge/htmlunit/htmlunit-core-js/2.15/htmlunit-core-js-2.15.jar:/home/rtcamp/.m2/repository/xerces/xercesImpl/2.11.0/xercesImpl-2.11.0.jar:/home/rtcamp/.m2/repository/xml-apis/xml-apis/1.4.01/xml-apis-1.4.01.jar:/home/rtcamp/.m2/repository/net/sourceforge/nekohtml/nekohtml/1.9.21/nekohtml-1.9.21.jar:/home/rtcamp/.m2/repository/net/sourceforge/cssparser/cssparser/0.9.14/cssparser-0.9.14.jar:/home/rtcamp/.m2/repository/org/w3c/css/sac/1.3/sac-1.3.jar:/home/rtcamp/.m2/repository/commons-logging/commons-logging/1.1.3/commons-logging-1.1.3.jar:/home/rtcamp/.m2/repository/org/eclipse/jetty/jetty-websocket/8.1.15.v20140411/jetty-websocket-8.1.15.v20140411.jar:/home/rtcamp/.m2/repository/org/eclipse/jetty/jetty-util/8.1.15.v20140411/jetty-util-8.1.15.v20140411.jar:/home/rtcamp/.m2/repository/org/eclipse/jetty/jetty-io/8.1.15.v20140411/jetty-io-8.1.15.v20140411.jar:/home/rtcamp/.m2/repository/org/eclipse/jetty/jetty-http/8.1.15.v20140411/jetty-http-8.1.15.v20140411.jar:/home/rtcamp/.m2/repository/org/apache/httpcomponents/httpclient/4.3.4/httpclient-4.3.4.jar:/home/rtcamp/.m2/repository/org/apache/httpcomponents/httpcore/4.3.2/httpcore-4.3.2.jar:/home/rtcamp/.m2/repository/org/seleniumhq/selenium/selenium-firefox-driver/2.44.0/selenium-firefox-driver-2.44.0.jar:/home/rtcamp/.m2/repository/commons-io/commons-io/2.4/commons-io-2.4.jar:/home/rtcamp/.m2/repository/org/apache/commons/commons-exec/1.1/commons-exec-1.1.jar:/home/rtcamp/.m2/repository/org/seleniumhq/selenium/selenium-ie-driver/2.44.0/selenium-ie-driver-2.44.0.jar:/home/rtcamp/.m2/repository/net/java/dev/jna/jna/3.4.0/jna-3.4.0.jar:/home/rtcamp/.m2/repository/net/java/dev/jna/platform/3.4.0/platform-3.4.0.jar:/home/rtcamp/.m2/repository/org/seleniumhq/selenium/selenium-safari-driver/2.44.0/selenium-safari-driver-2.44.0.jar:/home/rtcamp/.m2/repository/org/seleniumhq/selenium/selenium-support/2.44.0/selenium-support-2.44.0.jar:/home/rtcamp/.m2/repository/org/webbitserver/webbit/0.4.14/webbit-0.4.14.jar:/home/rtcamp/.m2/repository/io/netty/netty/3.5.2.Final/netty-3.5.2.Final.jar:/home/rtcamp/.m2/repository/org/seleniumhq/selenium/selenium-server/2.44.0/selenium-server-2.44.0.jar:/home/rtcamp/.m2/repository/org/bouncycastle/bcprov-jdk15on/1.48/bcprov-jdk15on-1.48.jar:/home/rtcamp/.m2/repository/org/bouncycastle/bcpkix-jdk15on/1.48/bcpkix-jdk15on-1.48.jar:/home/rtcamp/.m2/repository/mx4j/mx4j-tools/3.0.1/mx4j-tools-3.0.1.jar:/home/rtcamp/.m2/repository/org/mortbay/jetty/servlet-api-2.5/6.1.9/servlet-api-2.5-6.1.9.jar:/home/rtcamp/.m2/repository/org/seleniumhq/selenium/jetty-repacked/7.6.1/jetty-repacked-7.6.1.jar:/home/rtcamp/.m2/repository/org/seleniumhq/selenium/jetty-rc-repacked/5/jetty-rc-repacked-5.jar:/home/rtcamp/.m2/repository/net/jcip/jcip-annotations/1.0/jcip-annotations-1.0.jar:/home/rtcamp/.m2/repository/org/yaml/snakeyaml/1.8/snakeyaml-1.8.jar:/home/rtcamp/.m2/repository/commons-codec/commons-codec/1.9/commons-codec-1.9.jar:/home/rtcamp/.m2/repository/com/github/detro/phantomjsdriver/1.2.0/phantomjsdriver-1.2.0.jar:/home/rtcamp/.m2/repository/org/seleniumhq/selenium/selenium-remote-driver/2.41.0/selenium-remote-driver-2.41.0.jar:/home/rtcamp/.m2/repository/cglib/cglib-nodep/2.1_3/cglib-nodep-2.1_3.jar:/home/rtcamp/.m2/repository/org/json/json/20080701/json-20080701.jar:/home/rtcamp/.m2/repository/org/seleniumhq/selenium/selenium-api/2.41.0/selenium-api-2.41.0.jar:/home/rtcamp/.m2/repository/com/google/guava/guava/15.0/guava-15.0.jar:/home/rtcamp/.m2/repository/org/testng/testng/6.8.8/testng-6.8.8.jar:/home/rtcamp/.m2/repository/org/beanshell/bsh/2.0b4/bsh-2.0b4.jar:/home/rtcamp/.m2/repository/com/beust/jcommander/1.27/jcommander-1.27.jar:/home/rtcamp/.m2/repository/org/apache/maven/surefire/surefire-testng-utils/2.17/surefire-testng-utils-2.17.jar:/home/rtcamp/.m2/repository/org/apache/maven/surefire/surefire-grouper/2.17/surefire-grouper-2.17.jar:"/>
    <property name="java.specification.name" value="Java Platform API Specification"/>
    <property name="java.class.version" value="52.0"/>
    <property name="sun.management.compiler" value="HotSpot 64-Bit Tiered Compilers"/>
    <property name="os.version" value="3.13.0-45-generic"/>
    <property name="user.home" value="/home/rtcamp"/>
    <property name="user.timezone" value="Asia/Kolkata"/>
    <property name="java.awt.printerjob" value="sun.print.PSPrinterJob"/>
    <property name="java.specification.version" value="1.8"/>
    <property name="file.encoding" value="UTF-8"/>
    <property name="user.name" value="rtcamp"/>
    <property name="java.class.path" value="/usr/share/maven/boot/plexus-classworlds-2.x.jar"/>
    <property name="java.vm.specification.version" value="1.8"/>
    <property name="sun.arch.data.model" value="64"/>
    <property name="java.home" value="/usr/lib/jvm/jdk1.8.0_25/jre"/>
    <property name="sun.java.command" value="org.codehaus.plexus.classworlds.launcher.Launcher test -Dtest=MusicTest"/>
    <property name="java.specification.vendor" value="Oracle Corporation"/>
    <property name="user.language" value="en"/>
    <property name="awt.toolkit" value="sun.awt.X11.XToolkit"/>
    <property name="java.vm.info" value="mixed mode"/>
    <property name="java.version" value="1.8.0_25"/>
    <property name="java.ext.dirs" value="/usr/lib/jvm/jdk1.8.0_25/jre/lib/ext:/usr/java/packages/lib/ext"/>
    <property name="securerandom.source" value="file:/dev/./urandom"/>
    <property name="sun.boot.class.path" value="/usr/lib/jvm/jdk1.8.0_25/jre/lib/resources.jar:/usr/lib/jvm/jdk1.8.0_25/jre/lib/rt.jar:/usr/lib/jvm/jdk1.8.0_25/jre/lib/sunrsasign.jar:/usr/lib/jvm/jdk1.8.0_25/jre/lib/jsse.jar:/usr/lib/jvm/jdk1.8.0_25/jre/lib/jce.jar:/usr/lib/jvm/jdk1.8.0_25/jre/lib/charsets.jar:/usr/lib/jvm/jdk1.8.0_25/jre/lib/jfr.jar:/usr/lib/jvm/jdk1.8.0_25/jre/classes"/>
    <property name="java.vendor" value="Oracle Corporation"/>
    <property name="maven.home" value="/usr/share/maven"/>
    <property name="localRepository" value="/home/rtcamp/.m2/repository"/>
    <property name="file.separator" value="/"/>
    <property name="java.vendor.url.bug" value="http://bugreport.sun.com/bugreport/"/>
    <property name="sun.cpu.endian" value="little"/>
    <property name="sun.io.unicode.encoding" value="UnicodeLittle"/>
    <property name="sun.desktop" value="gnome"/>
    <property name="sun.cpu.isalist" value=""/>
  </properties>
  <testcase name="music" classname="testscripts.mediaTypes.MusicTest" time="150.684"/>
</testsuite>