<?xml version="1.0" encoding="UTF-8"?>
<!-- Generated by org.testng.reporters.JUnitReportReporter -->
<testsuite hostname="rtcamp-desktop" name="testscripts.display.NGDisplaySettings" tests="1" failures="0" timestamp="7 Jan 2015 15:39:57 GMT" time="89.725" errors="0">
  <testcase name="checkNGDisplaySettings" time="89.725" classname="testscripts.display.NGDisplaySettings"/>
</testsuite> <!-- testscripts.display.NGDisplaySettings -->
