<?xml version="1.0" encoding="UTF-8"?>
<!-- Generated by org.testng.reporters.JUnitReportReporter -->
<testsuite hostname="rtcamp-desktop" name="testscripts.mediaTypes.Photo" tests="1" failures="0" timestamp="12 Jan 2015 08:04:50 GMT" time="115.138" errors="0">
  <testcase name="photo" time="115.138" classname="testscripts.mediaTypes.Photo"/>
</testsuite> <!-- testscripts.mediaTypes.Photo -->
