<?xml version="1.0" encoding="UTF-8"?>
<!-- Generated by org.testng.reporters.JUnitReportReporter -->
<testsuite hostname="rtcamp-desktop" name="testscripts.OtherSettings.enableFavListTest" tests="1" failures="0" timestamp="28 Jan 2015 12:32:49 GMT" time="171.848" errors="0">
  <testcase name="FavList" time="171.848" classname="testscripts.OtherSettings.enableFavListTest"/>
</testsuite> <!-- testscripts.OtherSettings.enableFavListTest -->
