<?xml version="1.0" encoding="UTF-8"?>
<!-- Generated by org.testng.reporters.JUnitReportReporter -->
<testsuite hostname="rtcamp-desktop" name="testscripts.buddyPress.organizeMediaIntoAlbumsNGTest" tests="1" failures="0" timestamp="28 Jan 2015 12:32:49 GMT" time="71.279" errors="0">
  <testcase name="organizeMediaInAlbums" time="71.279" classname="testscripts.buddyPress.organizeMediaIntoAlbumsNGTest"/>
</testsuite> <!-- testscripts.buddyPress.organizeMediaIntoAlbumsNGTest -->
