<?xml version="1.0" encoding="UTF-8"?>
<!-- Generated by org.testng.reporters.JUnitReportReporter -->
<testsuite hostname="rtcamp-desktop" name="testscripts.display.mediaCommentbbPress" tests="1" failures="0" timestamp="7 Jan 2015 15:27:49 GMT" time="234.983" errors="0">
  <testcase name="commentOnUploadedMedia" time="234.983" classname="testscripts.display.mediaCommentbbPress"/>
</testsuite> <!-- testscripts.display.mediaCommentbbPress -->
