<?xml version="1.0" encoding="UTF-8"?>
<!-- Generated by org.testng.reporters.JUnitReportReporter -->
<testsuite hostname="narsil" name="testscripts.bbPressSettingsTest" tests="1" failures="0" timestamp="12 Sep 2014 10:13:31 GMT" time="137.849" errors="0">
  <testcase name="bbPressSettings" time="137.849" classname="testscripts.bbPressSettingsTest"/>
</testsuite> <!-- testscripts.bbPressSettingsTest -->
