<?xml version="1.0" encoding="UTF-8"?>
<!-- Generated by org.testng.reporters.JUnitReportReporter -->
<testsuite hostname="rtcamp-desktop" name="testscripts.buddyPress.numberOfMediaItemsInActivitySreamTest" tests="1" failures="0" timestamp="28 Jan 2015 12:32:49 GMT" time="131.313" errors="0">
  <testcase name="numberOfMediaItemsInActivity" time="131.313" classname="testscripts.buddyPress.numberOfMediaItemsInActivitySreamTest"/>
</testsuite> <!-- testscripts.buddyPress.numberOfMediaItemsInActivitySreamTest -->
