<?xml version="1.0" encoding="UTF-8"?>
<!-- Generated by org.testng.reporters.JUnitReportReporter -->
<testsuite hostname="rtcamp-desktop" name="testscripts.mediaTypes.VideoTest" tests="1" failures="0" timestamp="4 Feb 2015 07:21:00 GMT" time="107.737" errors="0">
  <testcase name="video" time="107.737" classname="testscripts.mediaTypes.VideoTest"/>
</testsuite> <!-- testscripts.mediaTypes.VideoTest -->
