<?xml version="1.0" encoding="UTF-8"?>
<!-- Generated by org.testng.reporters.JUnitReportReporter -->
<testsuite hostname="rtcamp-desktop" name="testscripts.buddyPress.numberOfMediaItemsInActivitySreamOtherRolesTest" tests="1" failures="0" timestamp="24 Feb 2015 09:50:50 GMT" time="85.264" errors="0">
  <testcase name="numberOfMediaItemsInActivityOtherRoles" time="85.264" classname="testscripts.buddyPress.numberOfMediaItemsInActivitySreamOtherRolesTest"/>
</testsuite> <!-- testscripts.buddyPress.numberOfMediaItemsInActivitySreamOtherRolesTest -->
