<?xml version="1.0" encoding="UTF-8"?>
<!-- Generated by org.testng.reporters.JUnitReportReporter -->
<testsuite hostname="narsil" name="testscripts.buddyPressSettings" tests="1" failures="0" timestamp="26 Aug 2014 14:24:29 GMT" time="81.957" errors="0">
  <testcase name="buddyPressSettingsTest" time="81.957" classname="testscripts.buddyPressSettings"/>
</testsuite> <!-- testscripts.buddyPressSettings -->
