<?xml version="1.0" encoding="UTF-8"?>
<!-- Generated by org.testng.reporters.JUnitReportReporter -->
<testsuite hostname="rtcamp-desktop" name="testscripts.buddyPress.enablePodcastingOtherRolesTest" tests="1" failures="0" timestamp="28 Jan 2015 12:32:49 GMT" time="120.406" errors="0">
  <testcase name="enablePodcastingOther" time="120.406" classname="testscripts.buddyPress.enablePodcastingOtherRolesTest"/>
</testsuite> <!-- testscripts.buddyPress.enablePodcastingOtherRolesTest -->
