<?xml version="1.0" encoding="UTF-8"?>
<!-- Generated by org.testng.reporters.JUnitReportReporter -->
<testsuite hostname="rtcamp-desktop" name="testscripts.buddyPress.organizeMediaIntoAlbumsTest" tests="1" failures="0" timestamp="28 Jan 2015 12:32:49 GMT" time="108.933" errors="0">
  <testcase name="organizeMediaInAlbums" time="108.933" classname="testscripts.buddyPress.organizeMediaIntoAlbumsTest"/>
</testsuite> <!-- testscripts.buddyPress.organizeMediaIntoAlbumsTest -->
