<?xml version="1.0" encoding="UTF-8"?>
<!-- Generated by org.testng.reporters.JUnitReportReporter -->
<testsuite hostname="rtcamp-desktop" name="testscripts.OtherSettings.allowUserToUploadMediaViaURLOtherRoles" tests="1" failures="0" timestamp="12 Jan 2015 10:21:00 GMT" time="59.252" errors="0">
  <testcase name="UploadMediaViaURLNonAdminRoles" time="59.252" classname="testscripts.OtherSettings.allowUserToUploadMediaViaURLOtherRoles"/>
</testsuite> <!-- testscripts.OtherSettings.allowUserToUploadMediaViaURLOtherRoles -->
