<?xml version="1.0" encoding="UTF-8"?>
<!-- Generated by org.testng.reporters.JUnitReportReporter -->
<testsuite hostname="rtcamp-desktop" name="testscripts.defaultAlbums.defaultAlbumsSettings" tests="1" failures="0" timestamp="13 Jan 2015 07:03:17 GMT" time="138.861" errors="0">
  <testcase name="defaultAlbumsSetting" time="138.861" classname="testscripts.defaultAlbums.defaultAlbumsSettings"/>
</testsuite> <!-- testscripts.defaultAlbums.defaultAlbumsSettings -->
