<?xml version="1.0" encoding="UTF-8"?>
<!-- Generated by org.testng.reporters.JUnitReportReporter -->
<testsuite hostname="rtcamp-desktop" name="testscripts.mediaTypes.DocumentTest" tests="1" failures="0" timestamp="28 Jan 2015 12:32:49 GMT" time="145.458" errors="0">
  <testcase name="document" time="145.458" classname="testscripts.mediaTypes.DocumentTest"/>
</testsuite> <!-- testscripts.mediaTypes.DocumentTest -->
