<?xml version="1.0" encoding="UTF-8"?>
<!-- Generated by org.testng.reporters.JUnitReportReporter -->
<testsuite hostname="rtcamp-desktop" name="testscripts.MediaTest" tests="1" failures="0" timestamp="25 Feb 2015 09:13:26 GMT" time="81.020" errors="0">
  <testcase name="media" time="81.020" classname="testscripts.MediaTest"/>
</testsuite> <!-- testscripts.MediaTest -->
