<?xml version="1.0" encoding="UTF-8"?>
<!-- Generated by org.testng.reporters.JUnitReportReporter -->
<testsuite hostname="rtcamp-desktop" name="testscripts.buddyPress.enableMediaInGroupNGTest" tests="1" failures="0" timestamp="28 Jan 2015 12:32:49 GMT" time="84.474" errors="0">
  <testcase name="enablemediagroupNG" time="84.474" classname="testscripts.buddyPress.enableMediaInGroupNGTest"/>
</testsuite> <!-- testscripts.buddyPress.enableMediaInGroupNGTest -->
