<?xml version="1.0" encoding="UTF-8"?>
<!-- Generated by org.testng.reporters.JUnitReportReporter -->
<testsuite hostname="rtcamp-desktop" name="testscripts.privacy.PrivacySettingsTestForPrivate" tests="1" failures="0" timestamp="28 Jan 2015 12:32:49 GMT" time="118.499" errors="0">
  <testcase name="checkPrivacySettingsForPrivate" time="118.499" classname="testscripts.privacy.PrivacySettingsTestForPrivate"/>
</testsuite> <!-- testscripts.privacy.PrivacySettingsTestForPrivate -->
