<?xml version="1.0" encoding="UTF-8"?>
<!-- Generated by org.testng.reporters.JUnitReportReporter -->
<testsuite hostname="rtcamp-desktop" name="testscripts.mediaTypes.OthersTest" tests="1" failures="0" timestamp="28 Jan 2015 12:32:49 GMT" time="137.424" errors="0">
  <testcase name="otherextensions" time="137.424" classname="testscripts.mediaTypes.OthersTest"/>
</testsuite> <!-- testscripts.mediaTypes.OthersTest -->
