<?xml version="1.0" encoding="UTF-8"?>
<!-- Generated by org.testng.reporters.JUnitReportReporter -->
<testsuite hostname="rtcamp-desktop" name="testscripts.mediaTypes.Others" tests="1" failures="0" timestamp="13 Jan 2015 09:08:12 GMT" time="115.035" errors="0">
  <testcase name="otherextensions" time="115.035" classname="testscripts.mediaTypes.Others"/>
</testsuite> <!-- testscripts.mediaTypes.Others -->
