<?xml version="1.0" encoding="UTF-8"?>
<!-- Generated by org.testng.reporters.JUnitReportReporter -->
<testsuite hostname="Sumeet" name="testscripts.buddyPress.enableMediaInProfileOtherRoles" tests="1" failures="0" timestamp="24 Sep 2014 06:40:18 GMT" time="40.204" errors="0">
  <testcase name="enablemediaotherroles" time="40.204" classname="testscripts.buddyPress.enableMediaInProfileOtherRoles"/>
</testsuite> <!-- testscripts.buddyPress.enableMediaInProfileOtherRoles -->
