<?xml version="1.0" encoding="UTF-8"?>
<!-- Generated by org.testng.reporters.JUnitReportReporter -->
<testsuite hostname="rtcamp-desktop" name="testscripts.buddyPress.allowUploadFromActivityStream" tests="1" failures="0" timestamp="7 Jan 2015 16:16:35 GMT" time="153.886" errors="0">
  <testcase name="uploadactivity" time="153.886" classname="testscripts.buddyPress.allowUploadFromActivityStream"/>
</testsuite> <!-- testscripts.buddyPress.allowUploadFromActivityStream -->
