<?xml version="1.0" encoding="UTF-8"?>
<!-- Generated by org.testng.reporters.JUnitReportReporter -->
<testsuite hostname="rtcamp-desktop" name="testscripts.buddyPress.ExperimentenableMediaInProfileTest" tests="1" failures="0" timestamp="24 Feb 2015 08:17:22 GMT" time="123.806" errors="0">
  <testcase name="enablemediaadmin" time="123.806" classname="testscripts.buddyPress.ExperimentenableMediaInProfileTest"/>
</testsuite> <!-- testscripts.buddyPress.ExperimentenableMediaInProfileTest -->
