<?xml version="1.0" encoding="UTF-8"?>
<!-- Generated by org.testng.reporters.JUnitReportReporter -->
<testsuite hostname="rtcamp-desktop" name="testscripts.buddyPress.allowUploadFromActivityStreamTest" tests="1" failures="0" timestamp="20 Feb 2015 14:24:55 GMT" time="141.466" errors="0">
  <testcase name="uploadactivity" time="141.466" classname="testscripts.buddyPress.allowUploadFromActivityStreamTest"/>
</testsuite> <!-- testscripts.buddyPress.allowUploadFromActivityStreamTest -->
