<?xml version="1.0" encoding="UTF-8"?>
<!-- Generated by org.testng.reporters.JUnitReportReporter -->
<testsuite hostname="rtcamp-pc" name="testscripts.wordPress.WordPressSettingsTestForAuthor" tests="1" failures="0" timestamp="9 Dec 2014 06:48:08 GMT" time="286.701" errors="0">
  <testcase name="wordPressSettings" time="286.701" classname="testscripts.wordPress.WordPressSettingsTestForAuthor"/>
</testsuite> <!-- testscripts.wordPress.WordPressSettingsTestForAuthor -->
