<?xml version="1.0" encoding="UTF-8"?>
<!-- Generated by org.testng.reporters.JUnitReportReporter -->
<testsuite hostname="rtcamp-desktop" name="testscripts.mediaTypes.MusicTest" tests="1" failures="0" timestamp="28 Jan 2015 12:32:49 GMT" time="129.100" errors="0">
  <testcase name="music" time="129.100" classname="testscripts.mediaTypes.MusicTest"/>
</testsuite> <!-- testscripts.mediaTypes.MusicTest -->
