<?xml version="1.0" encoding="UTF-8"?>
<!-- Generated by org.testng.reporters.JUnitReportReporter -->
<testsuite hostname="rtcamp-desktop" name="testscripts.privacy.PrivacySettingsTest" tests="1" failures="0" timestamp="28 Jan 2015 13:40:37 GMT" time="91.785" errors="0">
  <testcase name="checkPrivacySettings" time="91.785" classname="testscripts.privacy.PrivacySettingsTest"/>
</testsuite> <!-- testscripts.privacy.PrivacySettingsTest -->
