<?xml version="1.0" encoding="UTF-8"?>
<!-- Generated by org.testng.reporters.JUnitReportReporter -->
<testsuite hostname="rtcamp-desktop" name="testscripts.buddyPress.allowUserToCreateNewAlbumsTest" tests="1" failures="0" timestamp="28 Jan 2015 12:32:49 GMT" time="133.689" errors="0">
  <testcase name="allowUserCreateNewAlbums" time="133.689" classname="testscripts.buddyPress.allowUserToCreateNewAlbumsTest"/>
</testsuite> <!-- testscripts.buddyPress.allowUserToCreateNewAlbumsTest -->
