<?xml version="1.0" encoding="UTF-8"?>
<!-- Generated by org.testng.reporters.JUnitReportReporter -->
<testsuite hostname="narsil" name="testscripts.commentOnUploadedMediaTest" tests="1" failures="0" timestamp="20 Sep 2014 14:45:41 GMT" time="67.473" errors="0">
  <testcase name="commentOnUploadedMedia" time="67.473" classname="testscripts.commentOnUploadedMediaTest"/>
</testsuite> <!-- testscripts.commentOnUploadedMediaTest -->
