<?xml version="1.0" encoding="UTF-8"?>
<!-- Generated by org.testng.reporters.JUnitReportReporter -->
<testsuite hostname="narsil" name="testscripts.sample" tests="1" failures="0" timestamp="26 Aug 2014 11:53:28 GMT" time="0.014" errors="0">
  <testcase name="sampletest1" time="0.014" classname="testscripts.sample"/>
</testsuite> <!-- testscripts.sample -->
