<?xml version="1.0" encoding="UTF-8"?>
<!-- Generated by org.testng.reporters.JUnitReportReporter -->
<testsuite hostname="rtcamp-desktop" name="testscripts.buddyPress.enablePodcastingTest" tests="1" failures="0" timestamp="28 Jan 2015 12:32:48 GMT" time="105.494" errors="0">
  <testcase name="enablePodcastingAdmin" time="105.494" classname="testscripts.buddyPress.enablePodcastingTest"/>
</testsuite> <!-- testscripts.buddyPress.enablePodcastingTest -->
