<?xml version="1.0" encoding="UTF-8"?>
<!-- Generated by org.testng.reporters.JUnitReportReporter -->
<testsuite hostname="rtcamp-desktop" name="testscripts.OtherSettings.enablePlaylistsTest" tests="1" failures="0" timestamp="19 Mar 2015 13:20:22 GMT" time="205.700" errors="0">
  <testcase name="PlaylistAdmin" time="205.700" classname="testscripts.OtherSettings.enablePlaylistsTest"/>
</testsuite> <!-- testscripts.OtherSettings.enablePlaylistsTest -->
