<?xml version="1.0" encoding="UTF-8"?>
<!-- Generated by org.testng.reporters.JUnitReportReporter -->
<testsuite hostname="rtcamp-desktop" name="testscripts.mediaTypes.PhotoTest" tests="1" failures="0" timestamp="4 Feb 2015 07:19:05 GMT" time="119.626" errors="0">
  <testcase name="photo" time="119.626" classname="testscripts.mediaTypes.PhotoTest"/>
</testsuite> <!-- testscripts.mediaTypes.PhotoTest -->
