<?xml version="1.0" encoding="UTF-8"?>
<!-- Generated by org.testng.reporters.JUnitReportReporter -->
<testsuite hostname="rtcamp-desktop" name="testscripts.OtherSettings.allowUserToUploadMediaViaURLOtherRolesTest" tests="1" failures="0" timestamp="3 Feb 2015 13:31:24 GMT" time="55.516" errors="0">
  <testcase name="UploadMediaViaURLNonAdminRoles" time="55.516" classname="testscripts.OtherSettings.allowUserToUploadMediaViaURLOtherRolesTest"/>
</testsuite> <!-- testscripts.OtherSettings.allowUserToUploadMediaViaURLOtherRolesTest -->
