<?xml version="1.0" encoding="UTF-8"?>
<!-- Generated by org.testng.reporters.JUnitReportReporter -->
<testsuite hostname="narsil" name="testscripts.assertTest" tests="1" failures="0" timestamp="8 Sep 2014 13:45:41 GMT" time="70.724" errors="0">
  <testcase name="assertSettings" time="70.724" classname="testscripts.assertTest"/>
</testsuite> <!-- testscripts.assertTest -->
