<?xml version="1.0" encoding="UTF-8"?>
<!-- Generated by org.testng.reporters.JUnitReportReporter -->
<testsuite hostname="rtcamp-pc" name="testscripts.wordPress.WordPressSettingsTestForEditor" tests="1" failures="0" timestamp="9 Dec 2014 07:13:09 GMT" time="275.674" errors="0">
  <testcase name="wordPressSettings" time="275.674" classname="testscripts.wordPress.WordPressSettingsTestForEditor"/>
</testsuite> <!-- testscripts.wordPress.WordPressSettingsTestForEditor -->
