<?xml version="1.0" encoding="UTF-8"?>
<!-- Generated by org.testng.reporters.JUnitReportReporter -->
<testsuite hostname="Sumeet" name="testscripts.buddyPress.enableMediaInGroup" tests="1" failures="0" timestamp="24 Sep 2014 06:36:54 GMT" time="58.886" errors="0">
  <testcase name="enablemediagroup" time="58.886" classname="testscripts.buddyPress.enableMediaInGroup"/>
</testsuite> <!-- testscripts.buddyPress.enableMediaInGroup -->
