<?xml version="1.0" encoding="UTF-8"?>
<!-- Generated by org.testng.reporters.JUnitReportReporter -->
<testsuite hostname="rtcamp-desktop" name="testscripts.buddyPress.enableMediaInProfileNGTest" tests="1" failures="0" timestamp="19 Feb 2015 11:16:43 GMT" time="77.403" errors="0">
  <testcase name="enablemediaadminNG" time="77.403" classname="testscripts.buddyPress.enableMediaInProfileNGTest"/>
</testsuite> <!-- testscripts.buddyPress.enableMediaInProfileNGTest -->
