<?xml version="1.0" encoding="UTF-8"?>
<!-- Generated by org.testng.reporters.JUnitReportReporter -->
<testsuite hostname="rtcamp-desktop" name="testscripts.buddyPress.allowUserToCreateNewAlbumsOtherRolesTest" tests="1" failures="0" timestamp="28 Jan 2015 12:32:49 GMT" time="157.678" errors="0">
  <testcase name="allowUserCreateNewAlbumsOther" time="157.678" classname="testscripts.buddyPress.allowUserToCreateNewAlbumsOtherRolesTest"/>
</testsuite> <!-- testscripts.buddyPress.allowUserToCreateNewAlbumsOtherRolesTest -->
