<?xml version="1.0" encoding="UTF-8"?>
<!-- Generated by org.testng.reporters.JUnitReportReporter -->
<testsuite hostname="rtcamp-desktop" name="testscripts.mediaTypes.Music" tests="1" failures="0" timestamp="12 Jan 2015 08:01:06 GMT" time="110.792" errors="0">
  <testcase name="music" time="110.792" classname="testscripts.mediaTypes.Music"/>
</testsuite> <!-- testscripts.mediaTypes.Music -->
