<?xml version="1.0" encoding="UTF-8"?>
<!-- Generated by org.testng.reporters.JUnitReportReporter -->
<testsuite hostname="rtcamp-desktop" name="testscripts.mediaTypes.Video" tests="1" failures="0" timestamp="12 Jan 2015 09:07:23 GMT" time="124.721" errors="0">
  <testcase name="video" time="124.721" classname="testscripts.mediaTypes.Video"/>
</testsuite> <!-- testscripts.mediaTypes.Video -->
