<?xml version="1.0" encoding="UTF-8"?>
<!-- Generated by org.testng.reporters.JUnitReportReporter -->
<testsuite hostname="rtcamp-pc" name="testscripts.wordPress.WordPressSettingsTest" tests="1" failures="0" timestamp="9 Dec 2014 13:30:38 GMT" time="188.402" errors="0">
  <testcase name="wordPressSettings" time="188.402" classname="testscripts.wordPress.WordPressSettingsTest"/>
</testsuite> <!-- testscripts.wordPress.WordPressSettingsTest -->
