<?xml version="1.0" encoding="UTF-8"?>
<!-- Generated by org.testng.reporters.JUnitReportReporter -->
<testsuite hostname="rtcamp-desktop" name="testscripts.mediaTypes.Document" tests="1" failures="0" timestamp="12 Jan 2015 07:54:32 GMT" time="134.247" errors="0">
  <testcase name="document" time="134.247" classname="testscripts.mediaTypes.Document"/>
</testsuite> <!-- testscripts.mediaTypes.Document -->
