<?xml version="1.0" encoding="UTF-8"?>
<!-- Generated by org.testng.reporters.JUnitReportReporter -->
<testsuite hostname="rtcamp-desktop" name="testscripts.buddyPress.limitNumberOfAlbumsPerUserOtherRolesTest" tests="1" failures="0" timestamp="28 Jan 2015 12:32:49 GMT" time="288.583" errors="0">
  <testcase name="limitNumberOfAlbumsPerUsrOther" time="288.583" classname="testscripts.buddyPress.limitNumberOfAlbumsPerUserOtherRolesTest"/>
</testsuite> <!-- testscripts.buddyPress.limitNumberOfAlbumsPerUserOtherRolesTest -->
