<?xml version="1.0" encoding="UTF-8"?>
<!-- Generated by org.testng.reporters.JUnitReportReporter -->
<testsuite hostname="rtcamp-desktop" name="testscripts.buddyPress.enableMediaInProfileOtherRolesTest" tests="1" failures="0" timestamp="28 Jan 2015 12:32:49 GMT" time="120.057" errors="0">
  <testcase name="enablemediaotherroles" time="120.057" classname="testscripts.buddyPress.enableMediaInProfileOtherRolesTest"/>
</testsuite> <!-- testscripts.buddyPress.enableMediaInProfileOtherRolesTest -->
