<?xml version="1.0" encoding="UTF-8"?>
<!-- Generated by org.testng.reporters.JUnitReportReporter -->
<testsuite hostname="rtcamp-desktop" name="testscripts.OtherSettings.allowUserToUploadMediaViaURLTest" tests="1" failures="0" timestamp="3 Feb 2015 13:28:30 GMT" time="110.835" errors="0">
  <testcase name="UploadMediaViaURL" time="110.835" classname="testscripts.OtherSettings.allowUserToUploadMediaViaURLTest"/>
</testsuite> <!-- testscripts.OtherSettings.allowUserToUploadMediaViaURLTest -->
