<?xml version="1.0" encoding="UTF-8"?>
<!-- Generated by org.testng.reporters.JUnitReportReporter -->
<testsuite hostname="narsil" name="testscripts.Example" tests="1" failures="0" timestamp="11 Sep 2014 09:12:24 GMT" time="4.455" errors="0">
  <testcase name="exampleTest" time="4.455" classname="testscripts.Example"/>
</testsuite> <!-- testscripts.Example -->
