<?xml version="1.0" encoding="UTF-8"?>
<!-- Generated by org.testng.reporters.JUnitReportReporter -->
<testsuite hostname="rtcamp-desktop" name="testscripts.OtherSettings.allowUserToUploadMediaViaURL" tests="1" failures="0" timestamp="12 Jan 2015 09:13:12 GMT" time="121.258" errors="0">
  <testcase name="UploadMediaViaURL" time="121.258" classname="testscripts.OtherSettings.allowUserToUploadMediaViaURL"/>
</testsuite> <!-- testscripts.OtherSettings.allowUserToUploadMediaViaURL -->
