<?xml version="1.0" encoding="UTF-8"?>
<!-- Generated by org.testng.reporters.JUnitReportReporter -->
<testsuite hostname="rtcamp-desktop" name="testscripts.buddyPress.organizeMediaIntoAlbumsOtherRolesTest" tests="1" failures="0" timestamp="28 Jan 2015 12:32:49 GMT" time="85.509" errors="0">
  <testcase name="organizeMediaIntoAlbumsOther" time="85.509" classname="testscripts.buddyPress.organizeMediaIntoAlbumsOtherRolesTest"/>
</testsuite> <!-- testscripts.buddyPress.organizeMediaIntoAlbumsOtherRolesTest -->
