<?xml version="1.0" encoding="UTF-8"?>
<!-- Generated by org.testng.reporters.JUnitReportReporter -->
<testsuite hostname="rtcamp-desktop" name="testscripts.OtherSettings.enableFavList" tests="1" failures="0" timestamp="12 Jan 2015 10:24:02 GMT" time="165.145" errors="0">
  <testcase name="FavList" time="165.145" classname="testscripts.OtherSettings.enableFavList"/>
</testsuite> <!-- testscripts.OtherSettings.enableFavList -->
