<?xml version="1.0" encoding="UTF-8"?>
<!-- Generated by org.testng.reporters.JUnitReportReporter -->
<testsuite hostname="rtcamp-pc" name="testscripts.wordPress.WordPressSettingsTestForContributor" tests="1" failures="0" timestamp="9 Dec 2014 07:05:15 GMT" time="291.069" errors="0">
  <testcase name="wordPressSettings" time="291.069" classname="testscripts.wordPress.WordPressSettingsTestForContributor"/>
</testsuite> <!-- testscripts.wordPress.WordPressSettingsTestForContributor -->
