<?xml version="1.0" encoding="UTF-8"?>
<!-- Generated by org.testng.reporters.JUnitReportReporter -->
<testsuite hostname="rtcamp-pc" name="testscripts.wordPress.WordPressSettingsTestForSubscriber" tests="1" failures="0" timestamp="9 Dec 2014 07:18:12 GMT" time="250.231" errors="0">
  <testcase name="wordPressSettings" time="250.231" classname="testscripts.wordPress.WordPressSettingsTestForSubscriber"/>
</testsuite> <!-- testscripts.wordPress.WordPressSettingsTestForSubscriber -->
