<?xml version="1.0" encoding="UTF-8"?>
<!-- Generated by org.testng.reporters.JUnitReportReporter -->
<testsuite hostname="rtcamp-desktop" name="testscripts.OtherSettings.enableUsersLikedMediaPageOtherRolesTest" tests="1" failures="0" timestamp="28 Jan 2015 12:32:49 GMT" time="210.887" errors="0">
  <testcase name="OtherUserLikes" time="210.887" classname="testscripts.OtherSettings.enableUsersLikedMediaPageOtherRolesTest"/>
</testsuite> <!-- testscripts.OtherSettings.enableUsersLikedMediaPageOtherRolesTest -->
