<?xml version="1.0" encoding="UTF-8"?>
<!-- Generated by org.testng.reporters.JUnitReportReporter -->
<testsuite hostname="rtcamp-desktop" name="testscripts.buddyPress.enableMediaInProfileTest" tests="1" failures="0" timestamp="11 Feb 2015 15:39:58 GMT" time="159.515" errors="0">
  <testcase name="enablemediaadmin" time="159.515" classname="testscripts.buddyPress.enableMediaInProfileTest"/>
</testsuite> <!-- testscripts.buddyPress.enableMediaInProfileTest -->
