<?xml version="1.0" encoding="UTF-8"?>
<!-- Generated by org.testng.reporters.JUnitReportReporter -->
<testsuite hostname="rtcamp-desktop" name="testscripts.buddyPress.allowUploadFromActivityStreamOtherRolesTest" tests="1" failures="0" timestamp="12 Feb 2015 09:17:33 GMT" time="161.785" errors="0">
  <testcase name="allowUploadFromActivityStreamOther" time="161.785" classname="testscripts.buddyPress.allowUploadFromActivityStreamOtherRolesTest"/>
</testsuite> <!-- testscripts.buddyPress.allowUploadFromActivityStreamOtherRolesTest -->
