<?xml version="1.0" encoding="UTF-8"?>
<!-- Generated by org.testng.reporters.JUnitReportReporter -->
<testsuite hostname="rtcamp-desktop" name="testscripts.privacy.PrivacySettingsTestForRegisteredUsers" tests="1" failures="0" timestamp="28 Jan 2015 12:32:49 GMT" time="123.301" errors="0">
  <testcase name="checkPrivacySettingsForRegisteredUsers" time="123.301" classname="testscripts.privacy.PrivacySettingsTestForRegisteredUsers"/>
</testsuite> <!-- testscripts.privacy.PrivacySettingsTestForRegisteredUsers -->
