<?xml version="1.0" encoding="UTF-8"?>
<!-- Generated by org.testng.reporters.JUnitReportReporter -->
<testsuite hostname="rtcamp-desktop" name="testscripts.OtherSettings.enableUsersLikedMediaPageTest" tests="1" failures="0" timestamp="30 Jan 2015 14:02:31 GMT" time="152.994" errors="0">
  <testcase name="AdminUserLikes" time="152.994" classname="testscripts.OtherSettings.enableUsersLikedMediaPageTest"/>
</testsuite> <!-- testscripts.OtherSettings.enableUsersLikedMediaPageTest -->
