<?xml version="1.0" encoding="UTF-8"?>
<!-- Generated by org.testng.reporters.JUnitReportReporter -->
<testsuite hostname="rtcamp-desktop" name="testscripts.CustomCSS.CustomCssTest" tests="1" failures="0" timestamp="27 Jan 2015 09:40:55 GMT" time="80.167" errors="0">
  <testcase name="customcss" time="80.167" classname="testscripts.CustomCSS.CustomCssTest"/>
</testsuite> <!-- testscripts.CustomCSS.CustomCssTest -->
