<?xml version="1.0" encoding="UTF-8"?>
<!-- Generated by org.testng.reporters.JUnitReportReporter -->
<testsuite hostname="rtcamp-desktop" name="testscripts.buddyPress.enableMediaInProfileTest" tests="1" failures="0" timestamp="24 Feb 2015 09:35:43 GMT" time="129.712" errors="0">
  <testcase name="enablemediaadmin" time="129.712" classname="testscripts.buddyPress.enableMediaInProfileTest"/>
</testsuite> <!-- testscripts.buddyPress.enableMediaInProfileTest -->
