<?xml version="1.0" encoding="UTF-8"?>
<!-- Generated by org.testng.reporters.JUnitReportReporter -->
<testsuite hostname="rtcamp-desktop" name="testscripts.buddyPress.allowUserToCreateNewAlbumsTest" tests="1" failures="0" timestamp="24 Feb 2015 09:35:43 GMT" time="105.330" errors="0">
  <testcase name="allowUserCreateNewAlbums" time="105.330" classname="testscripts.buddyPress.allowUserToCreateNewAlbumsTest"/>
</testsuite> <!-- testscripts.buddyPress.allowUserToCreateNewAlbumsTest -->
