<?xml version="1.0" encoding="UTF-8"?>
<!-- Generated by org.testng.reporters.JUnitReportReporter -->
<testsuite hostname="rtcamp-desktop" name="testscripts.OtherSettings.enableUsersLikedMediaPageOtherRolesTest" tests="1" failures="0" timestamp="12 Feb 2015 12:17:50 GMT" time="166.705" errors="0">
  <testcase name="OtherUserLikes" time="166.705" classname="testscripts.OtherSettings.enableUsersLikedMediaPageOtherRolesTest"/>
</testsuite> <!-- testscripts.OtherSettings.enableUsersLikedMediaPageOtherRolesTest -->
