<?xml version="1.0" encoding="UTF-8"?>
<!-- Generated by org.testng.reporters.JUnitReportReporter -->
<testsuite hostname="rtcamp-desktop" name="testscripts.buddyPress.limitNumberOfAlbumsPerUserTest" tests="1" failures="0" timestamp="24 Feb 2015 09:35:43 GMT" time="108.257" errors="0">
  <testcase name="limitNumberOfAlbumsPerUsr" time="108.257" classname="testscripts.buddyPress.limitNumberOfAlbumsPerUserTest"/>
</testsuite> <!-- testscripts.buddyPress.limitNumberOfAlbumsPerUserTest -->
