<?xml version="1.0" encoding="UTF-8"?>
<!-- Generated by org.testng.reporters.JUnitReportReporter -->
<testsuite hostname="rtcamp-desktop" name="testscripts.mediaTypes.MusicTest" tests="1" failures="0" timestamp="23 Feb 2015 14:15:57 GMT" time="150.681" errors="0">
  <testcase name="music" time="150.681" classname="testscripts.mediaTypes.MusicTest"/>
</testsuite> <!-- testscripts.mediaTypes.MusicTest -->
