<?xml version="1.0" encoding="UTF-8"?>
<!-- Generated by org.testng.reporters.JUnitReportReporter -->
<testsuite hostname="rtcamp-desktop" name="testscripts.buddyPress.enableMediaInProfileOtherRolesTest" tests="1" failures="0" timestamp="24 Feb 2015 09:35:43 GMT" time="135.587" errors="0">
  <testcase name="enablemediaotherroles" time="135.587" classname="testscripts.buddyPress.enableMediaInProfileOtherRolesTest"/>
</testsuite> <!-- testscripts.buddyPress.enableMediaInProfileOtherRolesTest -->
