<?xml version="1.0" encoding="UTF-8"?>
<!-- Generated by org.testng.reporters.JUnitReportReporter -->
<testsuite hostname="rtcamp-desktop" name="testscripts.buddyPress.enablePodcastingOtherRolesTest" tests="1" failures="0" timestamp="24 Feb 2015 09:35:43 GMT" time="123.044" errors="0">
  <testcase name="enablePodcastingOther" time="123.044" classname="testscripts.buddyPress.enablePodcastingOtherRolesTest"/>
</testsuite> <!-- testscripts.buddyPress.enablePodcastingOtherRolesTest -->
