<?xml version="1.0" encoding="UTF-8"?>
<!-- Generated by org.testng.reporters.JUnitReportReporter -->
<testsuite hostname="rtcamp-desktop" name="testscripts.buddyPress.enableMediaInGroupOtherRolesTest" tests="1" failures="0" timestamp="24 Feb 2015 09:35:43 GMT" time="143.252" errors="0">
  <testcase name="enableMediaInGroupOther" time="143.252" classname="testscripts.buddyPress.enableMediaInGroupOtherRolesTest"/>
</testsuite> <!-- testscripts.buddyPress.enableMediaInGroupOtherRolesTest -->
