<?xml version="1.0" encoding="UTF-8"?>
<!-- Generated by org.testng.reporters.JUnitReportReporter -->
<testsuite hostname="rtcamp-desktop" name="testscripts.buddyPress.enableMediaInGroupTest" tests="1" failures="0" timestamp="24 Feb 2015 09:35:43 GMT" time="148.265" errors="0">
  <testcase name="enablemediagroup" time="148.265" classname="testscripts.buddyPress.enableMediaInGroupTest"/>
</testsuite> <!-- testscripts.buddyPress.enableMediaInGroupTest -->
