<?xml version="1.0" encoding="UTF-8"?>
<!-- Generated by org.testng.reporters.JUnitReportReporter -->
<testsuite hostname="rtcamp-desktop" name="testscripts.buddyPress.numberOfMediaItemsInActivitySreamTest" tests="1" failures="0" timestamp="24 Feb 2015 09:35:43 GMT" time="122.619" errors="0">
  <testcase name="numberOfMediaItemsInActivity" time="122.619" classname="testscripts.buddyPress.numberOfMediaItemsInActivitySreamTest"/>
</testsuite> <!-- testscripts.buddyPress.numberOfMediaItemsInActivitySreamTest -->
