<?xml version="1.0" encoding="UTF-8"?>
<!-- Generated by org.testng.reporters.JUnitReportReporter -->
<testsuite hostname="rtcamp-desktop" name="testscripts.buddyPress.limitNumberOfAlbumsPerUserOtherRolesTest" tests="1" failures="0" timestamp="24 Feb 2015 09:35:43 GMT" time="162.714" errors="0">
  <testcase name="limitNumberOfAlbumsPerUsrOther" time="162.714" classname="testscripts.buddyPress.limitNumberOfAlbumsPerUserOtherRolesTest"/>
</testsuite> <!-- testscripts.buddyPress.limitNumberOfAlbumsPerUserOtherRolesTest -->
