<?xml version="1.0" encoding="UTF-8"?>
<!-- Generated by org.testng.reporters.JUnitReportReporter -->
<testsuite hostname="rtcamp-desktop" name="testscripts.buddyPress.organizeMediaIntoAlbumsOtherRolesTest" tests="1" failures="0" timestamp="24 Feb 2015 09:35:43 GMT" time="107.829" errors="0">
  <testcase name="organizeMediaIntoAlbumsOther" time="107.829" classname="testscripts.buddyPress.organizeMediaIntoAlbumsOtherRolesTest"/>
</testsuite> <!-- testscripts.buddyPress.organizeMediaIntoAlbumsOtherRolesTest -->
