<?xml version="1.0" encoding="UTF-8"?>
<!-- Generated by org.testng.reporters.JUnitReportReporter -->
<testsuite hostname="rtcamp-desktop" name="testscripts.OtherSettings.enableUsersLikedMediaPageTest" tests="1" failures="0" timestamp="12 Feb 2015 12:17:50 GMT" time="172.884" errors="0">
  <testcase name="AdminUserLikes" time="172.884" classname="testscripts.OtherSettings.enableUsersLikedMediaPageTest"/>
</testsuite> <!-- testscripts.OtherSettings.enableUsersLikedMediaPageTest -->
