<?xml version="1.0" encoding="UTF-8"?>
<!-- Generated by org.testng.reporters.JUnitReportReporter -->
<testsuite hostname="rtcamp-desktop" name="testscripts.buddyPress.allowUploadFromActivityStreamOtherRolesTest" tests="1" failures="0" timestamp="24 Feb 2015 09:35:43 GMT" time="159.617" errors="0">
  <testcase name="allowUploadFromActivityStreamOther" time="159.617" classname="testscripts.buddyPress.allowUploadFromActivityStreamOtherRolesTest"/>
</testsuite> <!-- testscripts.buddyPress.allowUploadFromActivityStreamOtherRolesTest -->
