<?xml version="1.0" encoding="UTF-8"?>
<!-- Generated by org.testng.reporters.JUnitReportReporter -->
<testsuite hostname="rtcamp-desktop" name="testscripts.buddyPress.enablePodcastingTest" tests="1" failures="0" timestamp="24 Feb 2015 09:35:43 GMT" time="109.862" errors="0">
  <testcase name="enablePodcastingAdmin" time="109.862" classname="testscripts.buddyPress.enablePodcastingTest"/>
</testsuite> <!-- testscripts.buddyPress.enablePodcastingTest -->
