<?xml version="1.0" encoding="UTF-8"?>
<!-- Generated by org.testng.reporters.JUnitReportReporter -->
<testsuite hostname="rtcamp-desktop" name="testscripts.OtherSettings.allowUserToUploadMediaViaURLOtherRolesTest" tests="1" failures="0" timestamp="12 Feb 2015 12:17:50 GMT" time="51.528" errors="0">
  <testcase name="UploadMediaViaURLNonAdminRoles" time="51.528" classname="testscripts.OtherSettings.allowUserToUploadMediaViaURLOtherRolesTest"/>
</testsuite> <!-- testscripts.OtherSettings.allowUserToUploadMediaViaURLOtherRolesTest -->
