<?xml version="1.0" encoding="UTF-8"?>
<!-- Generated by org.testng.reporters.JUnitReportReporter -->
<testsuite hostname="rtcamp-desktop" name="testscripts.OtherSettings.enableFavListTest" tests="1" failures="0" timestamp="12 Feb 2015 12:17:50 GMT" time="141.082" errors="0">
  <testcase name="FavList" time="141.082" classname="testscripts.OtherSettings.enableFavListTest"/>
</testsuite> <!-- testscripts.OtherSettings.enableFavListTest -->
