<?xml version="1.0" encoding="UTF-8"?>
<!-- Generated by org.testng.reporters.JUnitReportReporter -->
<testsuite hostname="rtcamp-desktop" name="testscripts.OtherSettings.allowUserToUploadMediaViaURLTest" tests="1" failures="0" timestamp="12 Feb 2015 12:17:50 GMT" time="102.394" errors="0">
  <testcase name="UploadMediaViaURL" time="102.394" classname="testscripts.OtherSettings.allowUserToUploadMediaViaURLTest"/>
</testsuite> <!-- testscripts.OtherSettings.allowUserToUploadMediaViaURLTest -->
