<?xml version="1.0" encoding="UTF-8"?>
<!-- Generated by org.testng.reporters.JUnitReportReporter -->
<testsuite hostname="rtcamp-desktop" name="testscripts.OtherSettings.enablePlaylistsTest" tests="1" failures="0" timestamp="12 Feb 2015 12:17:50 GMT" time="161.073" errors="0">
  <testcase name="PlaylistAdmin" time="161.073" classname="testscripts.OtherSettings.enablePlaylistsTest"/>
</testsuite> <!-- testscripts.OtherSettings.enablePlaylistsTest -->
